2026-06-20 22:44:17 | INFO     | __main__                       | ============================================================
2026-06-20 22:44:17 | INFO     | __main__                       | P2 ‚Äî Data Preparation & Cleaning Pipeline
2026-06-20 22:44:17 | INFO     | __main__                       | ============================================================
2026-06-20 22:44:17 | INFO     | __main__                       | Step 1 ‚Äî Loading raw Wi-Fi parquet data
2026-06-20 22:44:18 | INFO     | __main__                       |   Loaded 129600 rows | 60 unique devices
2026-06-20 22:44:18 | INFO     | __main__                       | Step 2 ‚Äî Schema validation
2026-06-20 22:44:18 | INFO     | __main__                       |   Schema corrections applied: 0
2026-06-20 22:44:18 | INFO     | __main__                       | Step 3 ‚Äî Range validation
2026-06-20 22:44:18 | INFO     | __main__                       |   Nulled 1 impossible values in rssi_dbm [-90, -20]
2026-06-20 22:44:18 | INFO     | __main__                       | Step 4 ‚Äî Missing value audit and imputation
2026-06-20 22:44:18 | INFO     | __main__                       |   Columns with nulls:
2026-06-20 22:44:18 | INFO     | __main__                       |     rssi_dbm                                 1 (0.00%)
2026-06-20 22:44:18 | INFO     | __main__                       |   Nulls remaining after imputation: 0
2026-06-20 22:44:18 | INFO     | __main__                       | Step 5 ‚Äî Duplicate detection and removal
2026-06-20 22:44:18 | INFO     | __main__                       |   Exact duplicates: 0 | device+timestamp duplicates: 0
2026-06-20 22:44:18 | INFO     | __main__                       |   Rows after deduplication: 129600
2026-06-20 22:44:18 | INFO     | __main__                       | Step 6 ‚Äî Device type encoding
2026-06-20 22:44:18 | INFO     | __main__                       |   All device types encoded successfully: {'laptop': 0, 'iot': 1}
2026-06-20 22:44:18 | INFO     | __main__                       | Step 7 ‚Äî Outlier capping (IQR 3x, computed on non-breach readings)
2026-06-20 22:44:18 | DEBUG    | __main__                       |   wifi_experience_score clipped [34.18, 117.34] ‚Äî 191 capped
2026-06-20 22:44:18 | DEBUG    | __main__                       |   rssi_dbm clipped [-92.80, -17.20] ‚Äî 0 capped
2026-06-20 22:44:18 | DEBUG    | __main__                       |   channel_interference_pct clipped [-8.80, 38.80] ‚Äî 0 capped
2026-06-20 22:44:18 | DEBUG    | __main__                       |   active_device_count clipped [-3.00, 11.00] ‚Äî 34 capped
2026-06-20 22:44:18 | INFO     | __main__                       |   Total values capped: 225
2026-06-20 22:44:18 | INFO     | __main__                       | Step 8 ‚Äî Seasonality features and rolling stats recompute
2026-06-20 22:44:18 | INFO     | __main__                       |   Features recomputed/added: ['experience_rolling_mean_7d', 'experience_rolling_std_7d', 'is_peak_hour', 'is_weekend', 'hour_sin', 'hour_cos', 'dow_sin', 'dow_cos', 'breach_lower_bound']
2026-06-20 22:44:18 | INFO     | __main__                       | Step 9 ‚Äî Time-aware train/test split (80/20 by timestamp)
2026-06-20 22:44:18 | INFO     | __main__                       |   Split at: 2024-03-13 00:00:00
2026-06-20 22:44:18 | INFO     | __main__                       |   Train: 103680 rows | breach rate: 3.84%
2026-06-20 22:44:18 | INFO     | __main__                       |   Test : 25920 rows | breach rate: 3.89%
2026-06-20 22:44:18 | INFO     | __main__                       | Step 10 ‚Äî Saving processed data and cleaning report
2026-06-20 22:44:18 | INFO     | __main__                       |   Saved: p2_train.parquet (103680 rows)
2026-06-20 22:44:18 | INFO     | __main__                       |   Saved: p2_test.parquet  (25920 rows)
2026-06-20 22:44:18 | INFO     | __main__                       |   Saved: data/reports/p2_cleaning_report.json
2026-06-20 22:44:18 | INFO     | __main__                       | ============================================================
2026-06-20 22:44:18 | INFO     | __main__                       | P2 preparation complete
2026-06-20 22:44:18 | INFO     | __main__                       | ============================================================
2026-06-21 13:09:53 | INFO     | __main__                       | ============================================================
2026-06-21 13:09:53 | INFO     | __main__                       | P2 ó Data Preparation & Cleaning Pipeline
2026-06-21 13:09:53 | INFO     | __main__                       | ============================================================
2026-06-21 13:09:53 | INFO     | __main__                       | Step 1 ó Loading raw Wi-Fi parquet data
2026-06-21 13:09:54 | INFO     | __main__                       |   Loaded 129600 rows | 60 unique devices
2026-06-21 13:09:54 | INFO     | __main__                       | Step 2 ó Schema validation
2026-06-21 13:09:54 | INFO     | __main__                       |   Schema corrections applied: 0
2026-06-21 13:09:54 | INFO     | __main__                       | Step 3 ó Range validation
2026-06-21 13:09:54 | INFO     | __main__                       |   Nulled 1 impossible values in rssi_dbm [-90, -20]
2026-06-21 13:09:54 | INFO     | __main__                       | Step 4 ó Missing value audit and imputation
2026-06-21 13:09:54 | INFO     | __main__                       |   Columns with nulls:
2026-06-21 13:09:54 | INFO     | __main__                       |     rssi_dbm                                 1 (0.00%)
2026-06-21 13:09:54 | INFO     | __main__                       |   Nulls remaining after imputation: 0
2026-06-21 13:09:54 | INFO     | __main__                       | Step 5 ó Duplicate detection and removal
2026-06-21 13:09:54 | INFO     | __main__                       |   Exact duplicates: 0 | device+timestamp duplicates: 0
2026-06-21 13:09:54 | INFO     | __main__                       |   Rows after deduplication: 129600
2026-06-21 13:09:54 | INFO     | __main__                       | Step 6 ó Device type encoding
2026-06-21 13:09:54 | INFO     | __main__                       |   All device types encoded successfully: {'laptop': 0, 'iot': 1}
2026-06-21 13:09:54 | INFO     | __main__                       | Step 7 ó Outlier capping (IQR 3x, computed on non-breach readings)
2026-06-21 13:09:54 | DEBUG    | __main__                       |   wifi_experience_score clipped [34.18, 117.34] ó 191 capped
2026-06-21 13:09:54 | DEBUG    | __main__                       |   rssi_dbm clipped [-92.80, -17.20] ó 0 capped
2026-06-21 13:09:54 | DEBUG    | __main__                       |   channel_interference_pct clipped [-8.80, 38.80] ó 0 capped
2026-06-21 13:09:54 | DEBUG    | __main__                       |   active_device_count clipped [-3.00, 11.00] ó 34 capped
2026-06-21 13:09:54 | INFO     | __main__                       |   Total values capped: 225
2026-06-21 13:09:54 | INFO     | __main__                       | Step 8 ó Seasonality features and rolling stats recompute
2026-06-21 13:09:54 | INFO     | __main__                       |   Features recomputed/added: ['experience_rolling_mean_7d', 'experience_rolling_std_7d', 'is_peak_hour', 'is_weekend', 'hour_sin', 'hour_cos', 'dow_sin', 'dow_cos', 'breach_lower_bound']
2026-06-21 13:09:54 | INFO     | __main__                       | Step 9 ó Time-aware train/test split (80/20 by timestamp)
2026-06-21 13:09:54 | INFO     | __main__                       |   Split at: 2024-03-13 00:00:00
2026-06-21 13:09:54 | INFO     | __main__                       |   Train: 103680 rows | breach rate: 3.84%
2026-06-21 13:09:54 | INFO     | __main__                       |   Test : 25920 rows | breach rate: 3.89%
2026-06-21 13:09:54 | INFO     | __main__                       | Step 10 ó Saving processed data and cleaning report
2026-06-21 13:09:54 | INFO     | __main__                       |   Saved: p2_train.parquet (103680 rows)
2026-06-21 13:09:54 | INFO     | __main__                       |   Saved: p2_test.parquet  (25920 rows)
2026-06-21 13:09:54 | INFO     | __main__                       |   Saved: data/reports/p2_cleaning_report.json
2026-06-21 13:09:54 | INFO     | __main__                       | ============================================================
2026-06-21 13:09:54 | INFO     | __main__                       | P2 preparation complete
2026-06-21 13:09:54 | INFO     | __main__                       | ============================================================
2026-06-21 13:45:54 | INFO     | __main__                       | ============================================================
2026-06-21 13:45:54 | INFO     | __main__                       | P2 ó Data Preparation & Cleaning Pipeline
2026-06-21 13:45:54 | INFO     | __main__                       | ============================================================
2026-06-21 13:45:54 | INFO     | __main__                       | Step 1 ó Loading raw Wi-Fi parquet data
2026-06-21 13:45:56 | INFO     | __main__                       |   Loaded 259200 rows | 60 unique devices
2026-06-21 13:45:56 | INFO     | __main__                       | Step 2 ó Schema validation
2026-06-21 13:45:56 | INFO     | __main__                       |   Schema corrections applied: 0
2026-06-21 13:45:56 | INFO     | __main__                       | Step 3 ó Range validation
2026-06-21 13:45:56 | INFO     | __main__                       |   Nulled 2 impossible values in rssi_dbm [-90, -20]
2026-06-21 13:45:56 | INFO     | __main__                       | Step 4 ó Missing value audit and imputation
2026-06-21 13:45:56 | INFO     | __main__                       |   Columns with nulls:
2026-06-21 13:45:56 | INFO     | __main__                       |     rssi_dbm                                 2 (0.00%)
2026-06-21 13:45:56 | INFO     | __main__                       |   Nulls remaining after imputation: 0
2026-06-21 13:45:56 | INFO     | __main__                       | Step 5 ó Duplicate detection and removal
2026-06-21 13:45:56 | INFO     | __main__                       |   Exact duplicates: 129600 | device+timestamp duplicates: 0
2026-06-21 13:45:56 | INFO     | __main__                       |   Rows after deduplication: 129600
2026-06-21 13:45:56 | INFO     | __main__                       | Step 6 ó Device type encoding
2026-06-21 13:45:56 | INFO     | __main__                       |   All device types encoded successfully: {'laptop': 0, 'iot': 1}
2026-06-21 13:45:56 | INFO     | __main__                       | Step 7 ó Outlier capping (IQR 3x, computed on non-breach readings)
2026-06-21 13:45:56 | DEBUG    | __main__                       |   wifi_experience_score clipped [34.18, 117.34] ó 191 capped
2026-06-21 13:45:56 | DEBUG    | __main__                       |   rssi_dbm clipped [-92.80, -17.20] ó 0 capped
2026-06-21 13:45:56 | DEBUG    | __main__                       |   channel_interference_pct clipped [-8.80, 38.80] ó 0 capped
2026-06-21 13:45:56 | DEBUG    | __main__                       |   active_device_count clipped [-3.00, 11.00] ó 34 capped
2026-06-21 13:45:56 | INFO     | __main__                       |   Total values capped: 225
2026-06-21 13:45:56 | INFO     | __main__                       | Step 8 ó Seasonality features and rolling stats recompute
2026-06-21 13:45:57 | INFO     | __main__                       |   Features recomputed/added: ['experience_rolling_mean_7d', 'experience_rolling_std_7d', 'is_peak_hour', 'is_weekend', 'hour_sin', 'hour_cos', 'dow_sin', 'dow_cos', 'breach_lower_bound']
2026-06-21 13:45:57 | INFO     | __main__                       | Step 9 ó Time-aware train/test split (80/20 by timestamp)
2026-06-21 13:45:57 | INFO     | __main__                       |   Split at: 2024-03-13 00:00:00
2026-06-21 13:45:57 | INFO     | __main__                       |   Train: 103680 rows | breach rate: 3.84%
2026-06-21 13:45:57 | INFO     | __main__                       |   Test : 25920 rows | breach rate: 3.89%
2026-06-21 13:45:57 | INFO     | __main__                       | Step 10 ó Saving processed data and cleaning report
2026-06-21 13:45:57 | INFO     | __main__                       |   Saved: p2_train.parquet (103680 rows)
2026-06-21 13:45:57 | INFO     | __main__                       |   Saved: p2_test.parquet  (25920 rows)
2026-06-21 13:45:57 | INFO     | __main__                       |   Saved: data/reports/p2_cleaning_report.json
2026-06-21 13:45:57 | INFO     | __main__                       | ============================================================
2026-06-21 13:45:57 | INFO     | __main__                       | P2 preparation complete
2026-06-21 13:45:57 | INFO     | __main__                       | ============================================================
