2026-06-20 22:53:23 | INFO     | __main__                       | ============================================================
2026-06-20 22:53:23 | INFO     | __main__                       | P2 ‚Äî Wi-Fi SARIMA Training
2026-06-20 22:53:23 | INFO     | __main__                       | ============================================================
2026-06-20 22:53:23 | INFO     | __main__                       | Step 1 ‚Äî Loading processed Wi-Fi data
2026-06-20 22:53:23 | INFO     | __main__                       |   Representative device: CUS-0011-LAP-02
2026-06-20 22:53:23 | INFO     | __main__                       |   Train series: 1728 hours | Test series: 432 hours
2026-06-20 22:53:23 | INFO     | __main__                       |   Train mean: 74.58 | std: 10.68
2026-06-20 22:53:23 | INFO     | __main__                       | Step 2 ‚Äî ADF stationarity test
2026-06-20 22:53:23 | INFO     | __main__                       |   ADF statistic : -13.6053
2026-06-20 22:53:23 | INFO     | __main__                       |   p-value       : 0.0000
2026-06-20 22:53:23 | INFO     | __main__                       |   Stationary    : True (threshold p < 0.05)
2026-06-20 22:53:23 | INFO     | __main__                       | Step 3 ‚Äî SARIMA order selection
2026-06-20 22:53:23 | INFO     | __main__                       |   Order    (p,d,q)     = (1, 0, 1)
2026-06-20 22:53:23 | INFO     | __main__                       |   Seasonal (P,D,Q,m)  = (1, 1, 0, 24)
2026-06-20 22:53:23 | INFO     | __main__                       |   Rationale:
2026-06-20 22:53:23 | INFO     | __main__                       |     p=1: one AR lag captures short-term autocorrelation
2026-06-20 22:53:23 | INFO     | __main__                       |     d=0: series stationary after seasonal differencing
2026-06-20 22:53:23 | INFO     | __main__                       |     q=1: one MA term for residual smoothing
2026-06-20 22:53:23 | INFO     | __main__                       |     P=1: seasonal AR term (weekly pattern)
2026-06-20 22:53:23 | INFO     | __main__                       |     D=1: seasonal differencing removes weekly trend
2026-06-20 22:53:23 | INFO     | __main__                       |     Q=0: seasonal MA not needed given P=1 fits well
2026-06-20 22:53:23 | INFO     | __main__                       |     m=24: 24-hour seasonality (daily cycle)
2026-06-20 22:53:23 | INFO     | __main__                       | Step 4 ‚Äî Fitting SARIMA(1, 0, 1) √ó (1, 1, 0, 24)
2026-06-20 22:53:26 | INFO     | __main__                       |   AIC: 13318.27 | BIC: 13339.98 | Log-likelihood: -6655.14
2026-06-20 22:53:26 | INFO     | __main__                       | Step 5 ‚Äî Residual diagnostics (Ljung-Box test)
2026-06-20 22:53:26 | INFO     | __main__                       |   Ljung-Box p-values (lags 10, 20): [0.0, 0.0]
2026-06-20 22:53:26 | INFO     | __main__                       |   Residuals are white noise: False
2026-06-20 22:53:26 | WARNING  | __main__                       |   Residuals show autocorrelation ‚Äî model may underfit
2026-06-20 22:53:26 | INFO     | __main__                       | Step 6 ‚Äî 1-hour-ahead forecast evaluation
2026-06-20 22:53:26 | INFO     | __main__                       |   MAE  : 8.5610  (avg error in score points)
2026-06-20 22:53:26 | INFO     | __main__                       |   RMSE : 11.4112
2026-06-20 22:53:26 | INFO     | __main__                       |   MAPE : 12.37%
2026-06-20 22:53:26 | INFO     | __main__                       | Step 7 ‚Äî ¬±3œÉ breach detection evaluation
2026-06-20 22:53:26 | INFO     | __main__                       |   Breach precision: 0.0000
2026-06-20 22:53:26 | INFO     | __main__                       |   Breach recall   : 0.0000
2026-06-20 22:53:26 | INFO     | __main__                       |   Breach F1       : 0.0000
2026-06-20 22:53:26 | INFO     | __main__                       |   Business read: catching 0% of Wi-Fi degradations
2026-06-20 22:53:26 | INFO     | __main__                       | Step 8 ‚Äî Saving model artifacts
2026-06-21 13:46:02 | INFO     | __main__                       | ============================================================
2026-06-21 13:46:02 | INFO     | __main__                       | P2 ó Wi-Fi SARIMA Training
2026-06-21 13:46:02 | INFO     | __main__                       | ============================================================
2026-06-21 13:46:02 | INFO     | __main__                       | Step 1 ó Loading processed Wi-Fi data
2026-06-21 13:46:02 | INFO     | __main__                       |   Representative device: CUS-0011-LAP-02
2026-06-21 13:46:02 | INFO     | __main__                       |   Train series: 1728 hours | Test series: 432 hours
2026-06-21 13:46:02 | INFO     | __main__                       |   Train mean: 74.58 | std: 10.68
2026-06-21 13:46:02 | INFO     | __main__                       | Step 2 ó ADF stationarity test
2026-06-21 13:46:02 | INFO     | __main__                       |   ADF statistic : -13.6053
2026-06-21 13:46:02 | INFO     | __main__                       |   p-value       : 0.0000
2026-06-21 13:46:02 | INFO     | __main__                       |   Stationary    : True (threshold p < 0.05)
2026-06-21 13:46:02 | INFO     | __main__                       | Step 3 ó SARIMA order selection
2026-06-21 13:46:02 | INFO     | __main__                       |   Order    (p,d,q)     = (1, 0, 1)
2026-06-21 13:46:02 | INFO     | __main__                       |   Seasonal (P,D,Q,m)  = (1, 1, 0, 24)
2026-06-21 13:46:02 | INFO     | __main__                       |   Rationale:
2026-06-21 13:46:02 | INFO     | __main__                       |     p=1: one AR lag captures short-term autocorrelation
2026-06-21 13:46:02 | INFO     | __main__                       |     d=0: series stationary after seasonal differencing
2026-06-21 13:46:02 | INFO     | __main__                       |     q=1: one MA term for residual smoothing
2026-06-21 13:46:02 | INFO     | __main__                       |     P=1: seasonal AR term (weekly pattern)
2026-06-21 13:46:02 | INFO     | __main__                       |     D=1: seasonal differencing removes weekly trend
2026-06-21 13:46:02 | INFO     | __main__                       |     Q=0: seasonal MA not needed given P=1 fits well
2026-06-21 13:46:02 | INFO     | __main__                       |     m=24: 24-hour seasonality (daily cycle)
2026-06-21 13:46:02 | INFO     | __main__                       | Step 4 ó Fitting SARIMA(1, 0, 1) ◊ (1, 1, 0, 24)
2026-06-21 13:46:03 | INFO     | __main__                       |   AIC: 13318.27 | BIC: 13339.98 | Log-likelihood: -6655.14
2026-06-21 13:46:03 | INFO     | __main__                       | Step 5 ó Residual diagnostics (Ljung-Box test)
2026-06-21 13:46:03 | INFO     | __main__                       |   Ljung-Box p-values (lags 10, 20): [0.0, 0.0]
2026-06-21 13:46:03 | INFO     | __main__                       |   Residuals are white noise: False
2026-06-21 13:46:03 | WARNING  | __main__                       |   Residuals show autocorrelation ó model may underfit
2026-06-21 13:46:03 | INFO     | __main__                       | Step 6 ó 1-hour-ahead forecast evaluation
2026-06-21 13:46:03 | INFO     | __main__                       |   MAE  : 8.5610  (avg error in score points)
2026-06-21 13:46:03 | INFO     | __main__                       |   RMSE : 11.4112
2026-06-21 13:46:03 | INFO     | __main__                       |   MAPE : 12.37%
2026-06-21 13:46:03 | INFO     | __main__                       |   Breach precision: 0.0000
2026-06-21 13:46:03 | INFO     | __main__                       |   Breach recall   : 0.0000
2026-06-21 13:46:03 | INFO     | __main__                       |   Breach F1       : 0.0000
2026-06-21 13:46:03 | INFO     | __main__                       |   Business read: catching 0% of Wi-Fi degradations
2026-06-21 13:46:03 | INFO     | __main__                       | Step 8 ó Saving model artifacts
2026-06-21 13:46:04 | INFO     | __main__                       |   Saved: p2_sarima_model.pkl
2026-06-21 13:46:04 | INFO     | __main__                       |   Saved: p2_baseline_stats.joblib
2026-06-21 13:46:04 | INFO     | __main__                       |   Saved: p2_forecast_sample.parquet
2026-06-21 13:46:04 | INFO     | __main__                       |   Saved: p2_metrics.json
2026-06-21 13:46:04 | INFO     | __main__                       | ============================================================
2026-06-21 13:46:04 | INFO     | __main__                       | P2 training complete ó MAE: 8.5610
2026-06-21 13:46:04 | INFO     | __main__                       | ============================================================
